# JRE version: OpenJDK Runtime Environment (17.0.9) (build 17.0.9+0--11185874)
# Java VM: OpenJDK 64-Bit Server VM (17.0.9+0--11185874, mixed mode, tiered, compressed oops, compressed class ptrs, g1 gc, windows-amd64)
GC Precious Log:
 CPUs: 8 total, 8 available
 Memory: 16197M
 Large Page Support: Disabled
 NUMA Support: Disabled
 Compressed Oops: Enabled (Zero based)
 Heap Region Size: 2M
 Heap Min Capacity: 8M
 Heap Initial Capacity: 254M
 Heap Max Capacity: 4050M
 Pre-touch: Disabled
 Parallel Workers: 8
 Concurrent Workers: 2
 Concurrent Refinement Workers: 8
 Periodic GC: Disabled
Heap:
 garbage-first heap   total 147456K, used 60537K [0x0000000702e00000, 0x0000000800000000)
  region size 2048K, 3 young (6144K), 2 survivors (4096K)
 Metaspace       used 67669K, committed 67968K, reserved 1114112K
  class space    used 7576K, committed 7744K, reserved 1048576K
GC Heap History (20 events):
Event: 2.588 GC heap before
{Heap before GC invocations=10 (full 0):
 garbage-first heap   total 75776K, used 55449K [0x0000000702e00000, 0x0000000800000000)
  region size 2048K, 18 young (36864K), 3 survivors (6144K)
 Metaspace       used 47423K, committed 47616K, reserved 1114112K
  class space    used 5804K, committed 5888K, reserved 1048576K
}
Event: 2.597 GC heap after
{Heap after GC invocations=11 (full 0):
 garbage-first heap   total 75776K, used 27633K [0x0000000702e00000, 0x0000000800000000)
  region size 2048K, 2 young (4096K), 2 survivors (4096K)
 Metaspace       used 47423K, committed 47616K, reserved 1114112K
  class space    used 5804K, committed 5888K, reserved 1048576K
}
Event: 2.993 GC heap before
{Heap before GC invocations=11 (full 0):
 garbage-first heap   total 75776K, used 54257K [0x0000000702e00000, 0x0000000800000000)
  region size 2048K, 15 young (30720K), 2 survivors (4096K)
 Metaspace       used 50093K, committed 50304K, reserved 1114112K
  class space    used 6058K, committed 6144K, reserved 1048576K
}
Event: 3.001 GC heap after
{Heap after GC invocations=12 (full 0):
 garbage-first heap   total 75776K, used 32657K [0x0000000702e00000, 0x0000000800000000)
  region size 2048K, 2 young (4096K), 2 survivors (4096K)
 Metaspace       used 50093K, committed 50304K, reserved 1114112K
  class space    used 6058K, committed 6144K, reserved 1048576K
}
Event: 3.384 GC heap before
{Heap before GC invocations=12 (full 0):
 garbage-first heap   total 75776K, used 55185K [0x0000000702e00000, 0x0000000800000000)
  region size 2048K, 13 young (26624K), 2 survivors (4096K)
 Metaspace       used 50957K, committed 51136K, reserved 1114112K
  class space    used 6078K, committed 6144K, reserved 1048576K
}
Event: 3.394 GC heap after
{Heap after GC invocations=13 (full 0):
 garbage-first heap   total 92160K, used 37017K [0x0000000702e00000, 0x0000000800000000)
  region size 2048K, 2 young (4096K), 2 survivors (4096K)
 Metaspace       used 50957K, committed 51136K, reserved 1114112K
  class space    used 6078K, committed 6144K, reserved 1048576K
}
Event: 3.676 GC heap before
{Heap before GC invocations=13 (full 0):
 garbage-first heap   total 92160K, used 65689K [0x0000000702e00000, 0x0000000800000000)
  region size 2048K, 16 young (32768K), 2 survivors (4096K)
 Metaspace       used 51587K, committed 51840K, reserved 1114112K
  class space    used 6123K, committed 6208K, reserved 1048576K
}
Event: 3.691 GC heap after
{Heap after GC invocations=14 (full 0):
 garbage-first heap   total 92160K, used 42017K [0x0000000702e00000, 0x0000000800000000)
  region size 2048K, 2 young (4096K), 2 survivors (4096K)
 Metaspace       used 51587K, committed 51840K, reserved 1114112K
  class space    used 6123K, committed 6208K, reserved 1048576K
}
Event: 3.735 GC heap before
{Heap before GC invocations=14 (full 0):
 garbage-first heap   total 92160K, used 68641K [0x0000000702e00000, 0x0000000800000000)
  region size 2048K, 15 young (30720K), 2 survivors (4096K)
 Metaspace       used 51604K, committed 51840K, reserved 1114112K
  class space    used 6123K, committed 6208K, reserved 1048576K
}
Event: 3.742 GC heap after
{Heap after GC invocations=15 (full 0):
 garbage-first heap   total 92160K, used 42979K [0x0000000702e00000, 0x0000000800000000)
  region size 2048K, 1 young (2048K), 1 survivors (2048K)
 Metaspace       used 51604K, committed 51840K, reserved 1114112K
  class space    used 6123K, committed 6208K, reserved 1048576K
}
Event: 3.965 GC heap before
{Heap before GC invocations=15 (full 0):
 garbage-first heap   total 92160K, used 69603K [0x0000000702e00000, 0x0000000800000000)
  region size 2048K, 14 young (28672K), 1 survivors (2048K)
 Metaspace       used 54047K, committed 54336K, reserved 1114112K
  class space    used 6409K, committed 6528K, reserved 1048576K
}
Event: 3.969 GC heap after
{Heap after GC invocations=16 (full 0):
 garbage-first heap   total 92160K, used 43492K [0x0000000702e00000, 0x0000000800000000)
  region size 2048K, 1 young (2048K), 1 survivors (2048K)
 Metaspace       used 54047K, committed 54336K, reserved 1114112K
  class space    used 6409K, committed 6528K, reserved 1048576K
}
Event: 4.492 GC heap before
{Heap before GC invocations=17 (full 0):
 garbage-first heap   total 92160K, used 70116K [0x0000000702e00000, 0x0000000800000000)
  region size 2048K, 14 young (28672K), 1 survivors (2048K)
 Metaspace       used 56134K, committed 56320K, reserved 1114112K
  class space    used 6656K, committed 6720K, reserved 1048576K
}
Event: 4.501 GC heap after
{Heap after GC invocations=18 (full 0):
 garbage-first heap   total 92160K, used 47934K [0x0000000702e00000, 0x0000000800000000)
  region size 2048K, 2 young (4096K), 2 survivors (4096K)
 Metaspace       used 56134K, committed 56320K, reserved 1114112K
  class space    used 6656K, committed 6720K, reserved 1048576K
}
Event: 5.346 GC heap before
{Heap before GC invocations=18 (full 0):
 garbage-first heap   total 92160K, used 70462K [0x0000000702e00000, 0x0000000800000000)
  region size 2048K, 13 young (26624K), 2 survivors (4096K)
 Metaspace       used 58071K, committed 58304K, reserved 1114112K
  class space    used 6755K, committed 6848K, reserved 1048576K
}
Event: 5.355 GC heap after
{Heap after GC invocations=19 (full 0):
 garbage-first heap   total 147456K, used 50891K [0x0000000702e00000, 0x0000000800000000)
  region size 2048K, 2 young (4096K), 2 survivors (4096K)
 Metaspace       used 58071K, committed 58304K, reserved 1114112K
  class space    used 6755K, committed 6848K, reserved 1048576K
}
Event: 7.437 GC heap before
{Heap before GC invocations=20 (full 0):
 garbage-first heap   total 147456K, used 108235K [0x0000000702e00000, 0x0000000800000000)
  region size 2048K, 30 young (61440K), 2 survivors (4096K)
 Metaspace       used 60242K, committed 60480K, reserved 1114112K
  class space    used 6838K, committed 6912K, reserved 1048576K
}
Event: 7.448 GC heap after
{Heap after GC invocations=21 (full 0):
 garbage-first heap   total 147456K, used 56728K [0x0000000702e00000, 0x0000000800000000)
  region size 2048K, 4 young (8192K), 4 survivors (8192K)
 Metaspace       used 60242K, committed 60480K, reserved 1114112K
  class space    used 6838K, committed 6912K, reserved 1048576K
}
Event: 8.481 GC heap before
{Heap before GC invocations=21 (full 0):
 garbage-first heap   total 147456K, used 105880K [0x0000000702e00000, 0x0000000800000000)
  region size 2048K, 29 young (59392K), 4 survivors (8192K)
 Metaspace       used 67596K, committed 67904K, reserved 1114112K
  class space    used 7574K, committed 7744K, reserved 1048576K
}
Event: 8.494 GC heap after
{Heap after GC invocations=22 (full 0):
 garbage-first heap   total 147456K, used 60537K [0x0000000702e00000, 0x0000000800000000)
  region size 2048K, 2 young (4096K), 2 survivors (4096K)
 Metaspace       used 67596K, committed 67904K, reserved 1114112K
  class space    used 7574K, committed 7744K, reserved 1048576K
}

