# JRE version: OpenJDK Runtime Environment (17.0.9) (build 17.0.9+0--11185874)
# Java VM: OpenJDK 64-Bit Server VM (17.0.9+0--11185874, mixed mode, tiered, compressed oops, compressed class ptrs, g1 gc, windows-amd64)
GC Precious Log:
 CPUs: 8 total, 8 available
 Memory: 16197M
 Large Page Support: Disabled
 NUMA Support: Disabled
 Compressed Oops: Enabled (Zero based)
 Heap Region Size: 2M
 Heap Min Capacity: 8M
 Heap Initial Capacity: 254M
 Heap Max Capacity: 4050M
 Pre-touch: Disabled
 Parallel Workers: 8
 Concurrent Workers: 2
 Concurrent Refinement Workers: 8
 Periodic GC: Disabled
Heap:
 garbage-first heap   total 178176K, used 85255K [0x0000000702e00000, 0x0000000800000000)
  region size 2048K, 4 young (8192K), 1 survivors (2048K)
 Metaspace       used 79533K, committed 79872K, reserved 1179648K
  class space    used 8766K, committed 8960K, reserved 1048576K
GC Heap History (20 events):
Event: 4.156 GC heap before
{Heap before GC invocations=15 (full 0):
 garbage-first heap   total 92160K, used 68621K [0x0000000702e00000, 0x0000000800000000)
  region size 2048K, 14 young (28672K), 1 survivors (2048K)
 Metaspace       used 54293K, committed 54528K, reserved 1114112K
  class space    used 6445K, committed 6528K, reserved 1048576K
}
Event: 4.160 GC heap after
{Heap after GC invocations=16 (full 0):
 garbage-first heap   total 92160K, used 42829K [0x0000000702e00000, 0x0000000800000000)
  region size 2048K, 1 young (2048K), 1 survivors (2048K)
 Metaspace       used 54293K, committed 54528K, reserved 1114112K
  class space    used 6445K, committed 6528K, reserved 1048576K
}
Event: 4.748 GC heap before
{Heap before GC invocations=17 (full 0):
 garbage-first heap   total 92160K, used 69453K [0x0000000702e00000, 0x0000000800000000)
  region size 2048K, 14 young (28672K), 1 survivors (2048K)
 Metaspace       used 56344K, committed 56576K, reserved 1114112K
  class space    used 6661K, committed 6784K, reserved 1048576K
}
Event: 4.757 GC heap after
{Heap after GC invocations=18 (full 0):
 garbage-first heap   total 92160K, used 47096K [0x0000000702e00000, 0x0000000800000000)
  region size 2048K, 2 young (4096K), 2 survivors (4096K)
 Metaspace       used 56344K, committed 56576K, reserved 1114112K
  class space    used 6661K, committed 6784K, reserved 1048576K
}
Event: 5.588 GC heap before
{Heap before GC invocations=18 (full 0):
 garbage-first heap   total 92160K, used 69624K [0x0000000702e00000, 0x0000000800000000)
  region size 2048K, 13 young (26624K), 2 survivors (4096K)
 Metaspace       used 58343K, committed 58560K, reserved 1114112K
  class space    used 6756K, committed 6848K, reserved 1048576K
}
Event: 5.597 GC heap after
{Heap after GC invocations=19 (full 0):
 garbage-first heap   total 141312K, used 50330K [0x0000000702e00000, 0x0000000800000000)
  region size 2048K, 2 young (4096K), 2 survivors (4096K)
 Metaspace       used 58343K, committed 58560K, reserved 1114112K
  class space    used 6756K, committed 6848K, reserved 1048576K
}
Event: 7.382 GC heap before
{Heap before GC invocations=20 (full 0):
 garbage-first heap   total 141312K, used 105626K [0x0000000702e00000, 0x0000000800000000)
  region size 2048K, 29 young (59392K), 2 survivors (4096K)
 Metaspace       used 60341K, committed 60608K, reserved 1114112K
  class space    used 6845K, committed 6976K, reserved 1048576K
}
Event: 7.391 GC heap after
{Heap after GC invocations=21 (full 0):
 garbage-first heap   total 141312K, used 56134K [0x0000000702e00000, 0x0000000800000000)
  region size 2048K, 4 young (8192K), 4 survivors (8192K)
 Metaspace       used 60341K, committed 60608K, reserved 1114112K
  class space    used 6845K, committed 6976K, reserved 1048576K
}
Event: 8.284 GC heap before
{Heap before GC invocations=21 (full 0):
 garbage-first heap   total 141312K, used 105286K [0x0000000702e00000, 0x0000000800000000)
  region size 2048K, 29 young (59392K), 4 survivors (8192K)
 Metaspace       used 67666K, committed 67968K, reserved 1114112K
  class space    used 7577K, committed 7744K, reserved 1048576K
}
Event: 8.297 GC heap after
{Heap after GC invocations=22 (full 0):
 garbage-first heap   total 141312K, used 60572K [0x0000000702e00000, 0x0000000800000000)
  region size 2048K, 3 young (6144K), 3 survivors (6144K)
 Metaspace       used 67666K, committed 67968K, reserved 1114112K
  class space    used 7577K, committed 7744K, reserved 1048576K
}
Event: 8.895 GC heap before
{Heap before GC invocations=22 (full 0):
 garbage-first heap   total 141312K, used 109724K [0x0000000702e00000, 0x0000000800000000)
  region size 2048K, 27 young (55296K), 3 survivors (6144K)
 Metaspace       used 69995K, committed 70336K, reserved 1114112K
  class space    used 7815K, committed 8000K, reserved 1048576K
}
Event: 8.905 GC heap after
{Heap after GC invocations=23 (full 0):
 garbage-first heap   total 141312K, used 66946K [0x0000000702e00000, 0x0000000800000000)
  region size 2048K, 4 young (8192K), 4 survivors (8192K)
 Metaspace       used 69995K, committed 70336K, reserved 1114112K
  class space    used 7815K, committed 8000K, reserved 1048576K
}
Event: 9.511 GC heap before
{Heap before GC invocations=23 (full 0):
 garbage-first heap   total 141312K, used 109954K [0x0000000702e00000, 0x0000000800000000)
  region size 2048K, 25 young (51200K), 4 survivors (8192K)
 Metaspace       used 73433K, committed 73728K, reserved 1179648K
  class space    used 8155K, committed 8320K, reserved 1048576K
}
Event: 9.529 GC heap after
{Heap after GC invocations=24 (full 0):
 garbage-first heap   total 141312K, used 75331K [0x0000000702e00000, 0x0000000800000000)
  region size 2048K, 4 young (8192K), 4 survivors (8192K)
 Metaspace       used 73433K, committed 73728K, reserved 1179648K
  class space    used 8155K, committed 8320K, reserved 1048576K
}
Event: 9.915 GC heap before
{Heap before GC invocations=24 (full 0):
 garbage-first heap   total 141312K, used 110147K [0x0000000702e00000, 0x0000000800000000)
  region size 2048K, 21 young (43008K), 4 survivors (8192K)
 Metaspace       used 78280K, committed 78528K, reserved 1179648K
  class space    used 8697K, committed 8832K, reserved 1048576K
}
Event: 9.927 GC heap after
{Heap after GC invocations=25 (full 0):
 garbage-first heap   total 141312K, used 81305K [0x0000000702e00000, 0x0000000800000000)
  region size 2048K, 3 young (6144K), 3 survivors (6144K)
 Metaspace       used 78280K, committed 78528K, reserved 1179648K
  class space    used 8697K, committed 8832K, reserved 1048576K
}
Event: 10.407 GC heap before
{Heap before GC invocations=26 (full 0):
 garbage-first heap   total 147456K, used 112025K [0x0000000702e00000, 0x0000000800000000)
  region size 2048K, 18 young (36864K), 3 survivors (6144K)
 Metaspace       used 79421K, committed 79680K, reserved 1179648K
  class space    used 8760K, committed 8896K, reserved 1048576K
}
Event: 10.417 GC heap after
{Heap after GC invocations=27 (full 0):
 garbage-first heap   total 147456K, used 82259K [0x0000000702e00000, 0x0000000800000000)
  region size 2048K, 1 young (2048K), 1 survivors (2048K)
 Metaspace       used 79421K, committed 79680K, reserved 1179648K
  class space    used 8760K, committed 8896K, reserved 1048576K
}
Event: 10.466 GC heap before
{Heap before GC invocations=27 (full 0):
 garbage-first heap   total 147456K, used 86355K [0x0000000702e00000, 0x0000000800000000)
  region size 2048K, 3 young (6144K), 1 survivors (2048K)
 Metaspace       used 79522K, committed 79872K, reserved 1179648K
  class space    used 8766K, committed 8960K, reserved 1048576K
}
Event: 10.471 GC heap after
{Heap after GC invocations=28 (full 0):
 garbage-first heap   total 178176K, used 81159K [0x0000000702e00000, 0x0000000800000000)
  region size 2048K, 1 young (2048K), 1 survivors (2048K)
 Metaspace       used 79522K, committed 79872K, reserved 1179648K
  class space    used 8766K, committed 8960K, reserved 1048576K
}

